C:\USERS\SHAI\DESKTOP\IMAGINGSDKFILTERTEMPLATE\CPP\ARM\DEBUG\CPP.PCH
C:\USERS\SHAI\DESKTOP\IMAGINGSDKFILTERTEMPLATE\CPP\ARM\DEBUG\PCH.OBJ
C:\USERS\SHAI\DESKTOP\IMAGINGSDKFILTERTEMPLATE\CPP\ARM\DEBUG\VC110.PDB
C:\USERS\SHAI\DESKTOP\IMAGINGSDKFILTERTEMPLATE\CPP\ARM\DEBUG\MYFILTER.OBJ
C:\USERS\SHAI\DESKTOP\IMAGINGSDKFILTERTEMPLATE\CPP\ARM\DEBUG\MYEFFECT.OBJ
C:\USERS\SHAI\DESKTOP\IMAGINGSDKFILTERTEMPLATE\CPP\ARM\DEBUG\CPP.OBJ
C:\Users\shai\Desktop\ImagingSDKFilterTemplate\ARM\Debug\CPP\Nokia.Graphics.Imaging.winmd
C:\Users\shai\Desktop\ImagingSDKFilterTemplate\ARM\Debug\CPP\Nokia.InteropServices.WindowsRuntime.winmd
C:\Users\shai\Desktop\ImagingSDKFilterTemplate\ARM\Debug\CPP\Nokia.Graphics.Imaging.dll
C:\Users\shai\Desktop\ImagingSDKFilterTemplate\ARM\Debug\CPP\Nokia.Graphics.Imaging.xml
C:\Users\shai\Desktop\ImagingSDKFilterTemplate\ARM\Debug\CPP\Nokia.InteropServices.WindowsRuntime.dll
C:\Users\shai\Desktop\ImagingSDKFilterTemplate\ARM\Debug\CPP\Nokia.InteropServices.WindowsRuntime.xml
C:\Users\shai\Desktop\ImagingSDKFilterTemplate\ARM\Debug\CPP\CPP.lib
C:\Users\shai\Desktop\ImagingSDKFilterTemplate\ARM\Debug\CPP\CPP.exp
C:\USERS\SHAI\DESKTOP\IMAGINGSDKFILTERTEMPLATE\ARM\DEBUG\CPP\CPP.ILK
C:\USERS\SHAI\DESKTOP\IMAGINGSDKFILTERTEMPLATE\ARM\DEBUG\CPP\CPP.DLL
C:\USERS\SHAI\DESKTOP\IMAGINGSDKFILTERTEMPLATE\ARM\DEBUG\CPP\CPP.WINMD
C:\USERS\SHAI\DESKTOP\IMAGINGSDKFILTERTEMPLATE\ARM\DEBUG\CPP\CPP.PDB
C:\Users\shai\Desktop\ImagingSDKFilterTemplate\CPP\ARM\Debug\CPP.vcxprojResolveAssemblyReference.cache
C:\Users\shai\Desktop\ImagingSDKFilterTemplate\CPP\ARM\Debug\CPP.obj
C:\Users\shai\Desktop\ImagingSDKFilterTemplate\CPP\ARM\Debug\MyEffect.obj
C:\Users\shai\Desktop\ImagingSDKFilterTemplate\CPP\ARM\Debug\MyFilter.obj
C:\Users\shai\Desktop\ImagingSDKFilterTemplate\CPP\ARM\Debug\pch.obj
C:\Users\shai\Desktop\ImagingSDKFilterTemplate\CPP\ARM\Debug\cl.command.1.tlog
C:\Users\shai\Desktop\ImagingSDKFilterTemplate\CPP\ARM\Debug\CL.read.1.tlog
C:\Users\shai\Desktop\ImagingSDKFilterTemplate\CPP\ARM\Debug\CL.write.1.tlog
C:\Users\shai\Desktop\ImagingSDKFilterTemplate\CPP\ARM\Debug\CPP.write.1.tlog
C:\Users\shai\Desktop\ImagingSDKFilterTemplate\CPP\ARM\Debug\link.command.1.tlog
C:\Users\shai\Desktop\ImagingSDKFilterTemplate\CPP\ARM\Debug\link.read.1.tlog
C:\Users\shai\Desktop\ImagingSDKFilterTemplate\CPP\ARM\Debug\link.write.1.tlog
C:\Users\shai\Desktop\ImagingSDKFilterTemplate\CPP\ARM\Debug\CPP.pch
C:\Users\shai\Desktop\ImagingSDKFilterTemplate\CPP\ARM\Debug\vc110.pdb
C:\Users\shai\Desktop\ImagingSDKFilterTemplate\ARM\Debug\CPP\CPP.pdb
C:\Users\shai\Desktop\ImagingSDKFilterTemplate\ARM\Debug\CPP\CPP.dll
C:\Users\shai\Desktop\ImagingSDKFilterTemplate\ARM\Debug\CPP\CPP.ilk
